<?xml version="1.0" encoding="UTF-8"?>
<testsuite name="com.example.GeneticAlgorithmDocker.GeneticAlgorithmDockerApplicationTests" tests="1" skipped="0" failures="0" errors="0" timestamp="2025-02-12T07:54:09" hostname="pedro-Aspire-A515-57" time="0.436">
  <properties/>
  <testcase name="contextLoads()" classname="com.example.GeneticAlgorithmDocker.GeneticAlgorithmDockerApplicationTests" time="0.436"/>
  <system-out><![CDATA[04:54:09.083 [Test worker] INFO org.springframework.test.context.support.AnnotationConfigContextLoaderUtils -- Could not detect default configuration classes for test class [com.example.GeneticAlgorithmDocker.GeneticAlgorithmDockerApplicationTests]: GeneticAlgorithmDockerApplicationTests does not declare any static, non-private, non-final, nested classes annotated with @Configuration.
04:54:09.143 [Test worker] INFO org.springframework.boot.test.context.SpringBootTestContextBootstrapper -- Found @SpringBootConfiguration com.example.GeneticAlgorithmDocker.GeneticAlgorithmDockerApplication for test class com.example.GeneticAlgorithmDocker.GeneticAlgorithmDockerApplicationTests

  .   ____          _            __ _ _
 /\\ / ___'_ __ _ _(_)_ __  __ _ \ \ \ \
( ( )\___ | '_ | '_| | '_ \/ _` | \ \ \ \
 \\/  ___)| |_)| | | | | || (_| |  ) ) ) )
  '  |____| .__|_| |_|_| |_\__, | / / / /
 =========|_|==============|___/=/_/_/_/

 :: Spring Boot ::                (v3.4.2)

2025-02-12T04:54:09.326-03:00  INFO 14061 --- [GeneticAlgorithmDocker] [    Test worker] G.GeneticAlgorithmDockerApplicationTests : Starting GeneticAlgorithmDockerApplicationTests using Java 23 with PID 14061 (started by pedro in /home/pedro/Área de Trabalho/GeneticAlgorithmDocker)
2025-02-12T04:54:09.327-03:00  INFO 14061 --- [GeneticAlgorithmDocker] [    Test worker] G.GeneticAlgorithmDockerApplicationTests : No active profile set, falling back to 1 default profile: "default"
2025-02-12T04:54:09.864-03:00  INFO 14061 --- [GeneticAlgorithmDocker] [    Test worker] G.GeneticAlgorithmDockerApplicationTests : Started GeneticAlgorithmDockerApplicationTests in 0.661 seconds (process running for 1.203)
]]></system-out>
  <system-err><![CDATA[Mockito is currently self-attaching to enable the inline-mock-maker. This will no longer work in future releases of the JDK. Please add Mockito as an agent to your build what is described in Mockito's documentation: https://javadoc.io/doc/org.mockito/mockito-core/latest/org/mockito/Mockito.html#0.3
WARNING: A Java agent has been loaded dynamically (/home/pedro/.gradle/caches/modules-2/files-2.1/net.bytebuddy/byte-buddy-agent/1.15.11/a38b16385e867f59a641330f0362ebe742788ed8/byte-buddy-agent-1.15.11.jar)
WARNING: If a serviceability tool is in use, please run with -XX:+EnableDynamicAgentLoading to hide this warning
WARNING: If a serviceability tool is not in use, please run with -Djdk.instrument.traceUsage for more information
WARNING: Dynamic loading of agents will be disallowed by default in a future release
]]></system-err>
</testsuite>
